<?xml version="1.0" encoding="UTF-8" ?>
<testsuite tests="5" failures="0" name="com.JPQLTest" time="0.208" errors="0" skipped="0">
  <properties>
[...]
</properties>
  <testcase classname="com.JPQLTest" name="testFindAll" time="0.153"/>
  <testcase classname="com.JPQLTest" name="testCount" time="0.026"/>
  <testcase classname="com.JPQLTest" name="testPage" time="0.004"/>
  <testcase classname="com.JPQLTest" name="testCondition" time="0.01"/>
  <testcase classname="com.JPQLTest" name="testOrders" time="0.015"/>
</testsuite>